<?xml version="1.0" encoding="UTF-8"?>
<testng-results ignored="0" total="4" passed="4" failed="0" skipped="0">
  <reporter-output>
  </reporter-output>
  <suite started-at="2025-09-07T21:03:25 IST" name="Demoblaze Suite" finished-at="2025-09-07T21:04:19 IST" duration-ms="54557">
    <groups>
    </groups>
    <test started-at="2025-09-07T21:03:25 IST" name="Demoblaze End-to-End Tests" finished-at="2025-09-07T21:04:19 IST" duration-ms="54557">
      <class name="com.wiprojuly.testng.UserAccountManagement">
        <test-method is-config="true" signature="setupClass()[pri:0, instance:com.wiprojuly.testng.UserAccountManagement@791f145a]" started-at="2025-09-07T21:03:25 IST" name="setupClass" finished-at="2025-09-07T21:03:26 IST" duration-ms="1116" status="PASS">
          <reporter-output>
          </reporter-output>
        </test-method> <!-- setupClass -->
        <test-method is-config="true" signature="setup()[pri:0, instance:com.wiprojuly.testng.UserAccountManagement@791f145a]" started-at="2025-09-07T21:03:26 IST" name="setup" finished-at="2025-09-07T21:03:32 IST" duration-ms="5816" status="PASS">
          <reporter-output>
          </reporter-output>
        </test-method> <!-- setup -->
        <test-method signature="login()[pri:2, instance:com.wiprojuly.testng.UserAccountManagement@791f145a]" started-at="2025-09-07T21:03:32 IST" name="login" finished-at="2025-09-07T21:03:41 IST" duration-ms="8920" status="PASS">
          <reporter-output>
          </reporter-output>
        </test-method> <!-- login -->
        <test-method is-config="true" signature="teardown()[pri:0, instance:com.wiprojuly.testng.UserAccountManagement@791f145a]" started-at="2025-09-07T21:03:41 IST" name="teardown" finished-at="2025-09-07T21:03:41 IST" duration-ms="532" status="PASS">
          <reporter-output>
          </reporter-output>
        </test-method> <!-- teardown -->
        <test-method is-config="true" signature="setup()[pri:0, instance:com.wiprojuly.testng.UserAccountManagement@791f145a]" started-at="2025-09-07T21:03:41 IST" name="setup" finished-at="2025-09-07T21:03:45 IST" duration-ms="3935" status="PASS">
          <reporter-output>
          </reporter-output>
        </test-method> <!-- setup -->
        <test-method signature="verifyNoForgotPassword()[pri:3, instance:com.wiprojuly.testng.UserAccountManagement@791f145a]" started-at="2025-09-07T21:03:45 IST" name="verifyNoForgotPassword" finished-at="2025-09-07T21:03:45 IST" duration-ms="37" status="PASS">
          <reporter-output>
          </reporter-output>
        </test-method> <!-- verifyNoForgotPassword -->
        <test-method is-config="true" signature="teardown()[pri:0, instance:com.wiprojuly.testng.UserAccountManagement@791f145a]" started-at="2025-09-07T21:03:45 IST" name="teardown" finished-at="2025-09-07T21:03:45 IST" duration-ms="429" status="PASS">
          <reporter-output>
          </reporter-output>
        </test-method> <!-- teardown -->
      </class> <!-- com.wiprojuly.testng.UserAccountManagement -->
      <class name="com.wiprojuly.testng.ProductDetailsAndCart">
        <test-method is-config="true" signature="setupClass()[pri:0, instance:com.wiprojuly.testng.ProductDetailsAndCart@13e344d]" started-at="2025-09-07T21:03:46 IST" name="setupClass" finished-at="2025-09-07T21:03:46 IST" duration-ms="53" status="PASS">
          <reporter-output>
          </reporter-output>
        </test-method> <!-- setupClass -->
        <test-method is-config="true" signature="setup()[pri:0, instance:com.wiprojuly.testng.ProductDetailsAndCart@13e344d]" started-at="2025-09-07T21:03:46 IST" name="setup" finished-at="2025-09-07T21:03:49 IST" duration-ms="3742" status="PASS">
          <reporter-output>
          </reporter-output>
        </test-method> <!-- setup -->
        <test-method signature="addMacBookAirToCart()[pri:0, instance:com.wiprojuly.testng.ProductDetailsAndCart@13e344d]" started-at="2025-09-07T21:03:49 IST" name="addMacBookAirToCart" finished-at="2025-09-07T21:03:58 IST" duration-ms="8218" status="PASS">
          <reporter-output>
          </reporter-output>
        </test-method> <!-- addMacBookAirToCart -->
        <test-method is-config="true" signature="teardown()[pri:0, instance:com.wiprojuly.testng.ProductDetailsAndCart@13e344d]" started-at="2025-09-07T21:03:58 IST" name="teardown" finished-at="2025-09-07T21:03:58 IST" duration-ms="279" status="PASS">
          <reporter-output>
          </reporter-output>
        </test-method> <!-- teardown -->
      </class> <!-- com.wiprojuly.testng.ProductDetailsAndCart -->
      <class name="com.wiprojuly.testng.CheckoutProcess">
        <test-method is-config="true" signature="setupClass()[pri:0, instance:com.wiprojuly.testng.CheckoutProcess@1ffaf86]" started-at="2025-09-07T21:03:58 IST" name="setupClass" finished-at="2025-09-07T21:03:58 IST" duration-ms="53" status="PASS">
          <reporter-output>
          </reporter-output>
        </test-method> <!-- setupClass -->
        <test-method is-config="true" signature="setup()[pri:0, instance:com.wiprojuly.testng.CheckoutProcess@1ffaf86]" started-at="2025-09-07T21:03:58 IST" name="setup" finished-at="2025-09-07T21:04:13 IST" duration-ms="15195" status="PASS">
          <reporter-output>
          </reporter-output>
        </test-method> <!-- setup -->
        <test-method signature="checkoutOrder()[pri:0, instance:com.wiprojuly.testng.CheckoutProcess@1ffaf86]" started-at="2025-09-07T21:04:13 IST" name="checkoutOrder" finished-at="2025-09-07T21:04:19 IST" duration-ms="5797" status="PASS">
          <reporter-output>
          </reporter-output>
        </test-method> <!-- checkoutOrder -->
        <test-method is-config="true" signature="teardown()[pri:0, instance:com.wiprojuly.testng.CheckoutProcess@1ffaf86]" started-at="2025-09-07T21:04:19 IST" name="teardown" finished-at="2025-09-07T21:04:19 IST" duration-ms="317" status="PASS">
          <reporter-output>
          </reporter-output>
        </test-method> <!-- teardown -->
      </class> <!-- com.wiprojuly.testng.CheckoutProcess -->
    </test> <!-- Demoblaze End-to-End Tests -->
  </suite> <!-- Demoblaze Suite -->
</testng-results>
