<?xml version="1.0" encoding="UTF-8"?>
<!-- Generated by org.testng.reporters.JUnitXMLReporter -->
<testsuite ignored="0" hostname="DESKTOP-QAFQ98M" failures="0" tests="4" name="Demoblaze End-to-End Tests" time="54.557" errors="0" timestamp="2025-09-07T21:04:19 IST">
  <testcase classname="com.wiprojuly.testng.UserAccountManagement" name="login" time="8.92"/>
  <testcase classname="com.wiprojuly.testng.UserAccountManagement" name="verifyNoForgotPassword" time="0.037"/>
  <testcase classname="com.wiprojuly.testng.ProductDetailsAndCart" name="addMacBookAirToCart" time="8.218"/>
  <testcase classname="com.wiprojuly.testng.CheckoutProcess" name="checkoutOrder" time="5.797"/>
</testsuite> <!-- Demoblaze End-to-End Tests -->
