<?xml version="1.0" encoding="UTF-8"?>
<!-- Generated by org.testng.reporters.JUnitXMLReporter -->
<testsuite ignored="0" hostname="DESKTOP-QAFQ98M" failures="3" tests="7" name="Demoblaze End-to-End Tests" time="91.844" errors="0" timestamp="2025-09-07T09:37:51 IST">
  <testcase classname="com.wiprojuly.testng.UserAccountManagement" name="SignUp" time="8.681"/>
  <testcase classname="com.wiprojuly.testng.UserAccountManagement" name="login" time="8.874">
    <failure type="java.lang.AssertionError" message="User should be logged in expected [true] but found [false]">
      <![CDATA[java.lang.AssertionError: User should be logged in expected [true] but found [false]
at com.wiprojuly.testng.UserAccountManagement.login(UserAccountManagement.java:55)
at java.base/java.util.ArrayList.forEach(ArrayList.java:1511)
... Removed 30 stack frames]]>
    </failure>
  </testcase> <!-- login -->
  <testcase classname="com.wiprojuly.testng.UserAccountManagement" name="verifyNoForgotPassword" time="0.027"/>
  <testcase classname="com.wiprojuly.testng.ProductDetailsAndCart" name="addMacBookAirToCart" time="6.907"/>
  <testcase classname="com.wiprojuly.testng.ProductDetailsAndCart" name="login" time="8.834">
    <failure type="java.lang.AssertionError" message="User should be logged in expected [true] but found [false]">
      <![CDATA[java.lang.AssertionError: User should be logged in expected [true] but found [false]
at com.wiprojuly.testng.ProductDetailsAndCart.login(ProductDetailsAndCart.java:38)
at java.base/java.util.ArrayList.forEach(ArrayList.java:1511)
... Removed 30 stack frames]]>
    </failure>
  </testcase> <!-- login -->
  <testcase classname="com.wiprojuly.testng.CheckoutProcess" name="checkoutOrder" time="5.2"/>
  <testcase classname="com.wiprojuly.testng.CheckoutProcess" name="login" time="8.525">
    <failure type="java.lang.AssertionError" message="User should be logged in expected [true] but found [false]">
      <![CDATA[java.lang.AssertionError: User should be logged in expected [true] but found [false]
at com.wiprojuly.testng.CheckoutProcess.login(CheckoutProcess.java:58)
at java.base/java.util.ArrayList.forEach(ArrayList.java:1511)
... Removed 30 stack frames]]>
    </failure>
  </testcase> <!-- login -->
</testsuite> <!-- Demoblaze End-to-End Tests -->
